<?xml version="1.0" encoding="UTF-8"?>
<!-- Generated by org.testng.reporters.JUnitReportReporter -->
<testsuite hostname="shavdas-MacBook-Pro.local" failures="0" tests="2" name="properties.PropertiesconfigTestNgDemo" time="0.015" errors="0" timestamp="2021-01-26T14:52:43 EST" skipped="0">
  <testcase classname="properties.PropertiesconfigTestNgDemo" name="googleTest1" time="0.012"/>
  <system-out/>
  <testcase classname="properties.PropertiesconfigTestNgDemo" name="googleTest2" time="0.003"/>
  <system-out/>
</testsuite> <!-- properties.PropertiesconfigTestNgDemo -->
